{"/Users/arun/Documents/Coding/REACT/AwesomeGIC Bank/my-app/src/App.js": {"path":"/Users/arun/Documents/Coding/REACT/AwesomeGIC Bank/my-app/src/App.js","statementMap":{"0":{"start":{"line":12,"column":12},"end":{"line":40,"column":1}},"1":{"start":{"line":13,"column":26},"end":{"line":13,"column":40}},"2":{"start":{"line":14,"column":32},"end":{"line":14,"column":47}},"3":{"start":{"line":15,"column":26},"end":{"line":15,"column":39}},"4":{"start":{"line":17,"column":2},"end":{"line":20,"column":3}},"5":{"start":{"line":18,"column":4},"end":{"line":18,"column":21}},"6":{"start":{"line":19,"column":4},"end":{"line":19,"column":35}},"7":{"start":{"line":22,"column":17},"end":{"line":24,"column":3}},"8":{"start":{"line":23,"column":4},"end":{"line":23,"column":18}},"9":{"start":{"line":26,"column":2},"end":{"line":39,"column":4}}},"fnMap":{"0":{"name":"(anonymous_0)","decl":{"start":{"line":12,"column":12},"end":{"line":12,"column":13}},"loc":{"start":{"line":12,"column":18},"end":{"line":40,"column":1}},"line":12},"1":{"name":"(anonymous_1)","decl":{"start":{"line":22,"column":17},"end":{"line":22,"column":18}},"loc":{"start":{"line":22,"column":23},"end":{"line":24,"column":3}},"line":22}},"branchMap":{"0":{"loc":{"start":{"line":17,"column":2},"end":{"line":20,"column":3}},"type":"if","locations":[{"start":{"line":17,"column":2},"end":{"line":20,"column":3}},{"start":{},"end":{}}],"line":17},"1":{"loc":{"start":{"line":33,"column":42},"end":{"line":33,"column":161}},"type":"cond-expr","locations":[{"start":{"line":33,"column":49},"end":{"line":33,"column":131}},{"start":{"line":33,"column":134},"end":{"line":33,"column":161}}],"line":33},"2":{"loc":{"start":{"line":34,"column":40},"end":{"line":34,"column":116}},"type":"cond-expr","locations":[{"start":{"line":34,"column":47},"end":{"line":34,"column":86}},{"start":{"line":34,"column":89},"end":{"line":34,"column":116}}],"line":34},"3":{"loc":{"start":{"line":35,"column":41},"end":{"line":35,"column":118}},"type":"cond-expr","locations":[{"start":{"line":35,"column":48},"end":{"line":35,"column":88}},{"start":{"line":35,"column":91},"end":{"line":35,"column":118}}],"line":35},"4":{"loc":{"start":{"line":36,"column":43},"end":{"line":36,"column":122}},"type":"cond-expr","locations":[{"start":{"line":36,"column":50},"end":{"line":36,"column":92}},{"start":{"line":36,"column":95},"end":{"line":36,"column":122}}],"line":36}},"s":{"0":1,"1":22,"2":22,"3":22,"4":22,"5":11,"6":11,"7":22,"8":0,"9":22},"f":{"0":22,"1":0},"b":{"0":[11,11],"1":[0,22],"2":[0,22],"3":[0,22],"4":[0,22]},"_coverageSchema":"1a1c01bbd47fc00a2c39e90264f33305004495a9","hash":"dacf82dfde68330c6d3e165599220be17e8dc9b6"}
,"/Users/arun/Documents/Coding/REACT/AwesomeGIC Bank/my-app/src/envconstants.js": {"path":"/Users/arun/Documents/Coding/REACT/AwesomeGIC Bank/my-app/src/envconstants.js","statementMap":{"0":{"start":{"line":1,"column":19},"end":{"line":1,"column":42}}},"fnMap":{},"branchMap":{},"s":{"0":4},"f":{},"b":{},"_coverageSchema":"1a1c01bbd47fc00a2c39e90264f33305004495a9","hash":"6e478e2c9d75261825c1b7b0db770217c57fc673"}
,"/Users/arun/Documents/Coding/REACT/AwesomeGIC Bank/my-app/src/Components/Loader.jsx": {"path":"/Users/arun/Documents/Coding/REACT/AwesomeGIC Bank/my-app/src/Components/Loader.jsx","statementMap":{"0":{"start":{"line":4,"column":15},"end":{"line":27,"column":1}},"1":{"start":{"line":5,"column":2},"end":{"line":26,"column":4}},"2":{"start":{"line":10,"column":24},"end":{"line":21,"column":9}}},"fnMap":{"0":{"name":"(anonymous_0)","decl":{"start":{"line":4,"column":15},"end":{"line":4,"column":16}},"loc":{"start":{"line":4,"column":21},"end":{"line":27,"column":1}},"line":4},"1":{"name":"(anonymous_1)","decl":{"start":{"line":10,"column":12},"end":{"line":10,"column":13}},"loc":{"start":{"line":10,"column":24},"end":{"line":21,"column":9}},"line":10}},"branchMap":{},"s":{"0":1,"1":4,"2":4},"f":{"0":4,"1":4},"b":{},"_coverageSchema":"1a1c01bbd47fc00a2c39e90264f33305004495a9","hash":"e8e4344e0c1a1ad0556b5eb70c27761e9f7731e2"}
,"/Users/arun/Documents/Coding/REACT/AwesomeGIC Bank/my-app/src/Components/AlertBox/AlertBox.jsx": {"path":"/Users/arun/Documents/Coding/REACT/AwesomeGIC Bank/my-app/src/Components/AlertBox/AlertBox.jsx","statementMap":{"0":{"start":{"line":4,"column":17},"end":{"line":11,"column":1}},"1":{"start":{"line":5,"column":28},"end":{"line":5,"column":33}},"2":{"start":{"line":6,"column":4},"end":{"line":10,"column":5}}},"fnMap":{"0":{"name":"(anonymous_0)","decl":{"start":{"line":4,"column":17},"end":{"line":4,"column":18}},"loc":{"start":{"line":4,"column":28},"end":{"line":11,"column":1}},"line":4}},"branchMap":{"0":{"loc":{"start":{"line":8,"column":25},"end":{"line":8,"column":52}},"type":"cond-expr","locations":[{"start":{"line":8,"column":33},"end":{"line":8,"column":40}},{"start":{"line":8,"column":43},"end":{"line":8,"column":52}}],"line":8}},"s":{"0":1,"1":4,"2":4},"f":{"0":4},"b":{"0":[1,3]},"_coverageSchema":"1a1c01bbd47fc00a2c39e90264f33305004495a9","hash":"13597ea7ad55d4f16512b845ea1e94ffb6fcab01"}
,"/Users/arun/Documents/Coding/REACT/AwesomeGIC Bank/my-app/src/Components/DataTable/DataTable.jsx": {"path":"/Users/arun/Documents/Coding/REACT/AwesomeGIC Bank/my-app/src/Components/DataTable/DataTable.jsx","statementMap":{"0":{"start":{"line":6,"column":24},"end":{"line":14,"column":3}},"1":{"start":{"line":6,"column":58},"end":{"line":14,"column":1}},"2":{"start":{"line":16,"column":23},"end":{"line":23,"column":3}},"3":{"start":{"line":16,"column":56},"end":{"line":23,"column":1}},"4":{"start":{"line":26,"column":18},"end":{"line":52,"column":1}},"5":{"start":{"line":27,"column":19},"end":{"line":27,"column":24}},"6":{"start":{"line":28,"column":2},"end":{"line":51,"column":4}},"7":{"start":{"line":40,"column":12},"end":{"line":46,"column":29}}},"fnMap":{"0":{"name":"(anonymous_0)","decl":{"start":{"line":6,"column":42},"end":{"line":6,"column":43}},"loc":{"start":{"line":6,"column":58},"end":{"line":14,"column":1}},"line":6},"1":{"name":"(anonymous_1)","decl":{"start":{"line":16,"column":40},"end":{"line":16,"column":41}},"loc":{"start":{"line":16,"column":56},"end":{"line":23,"column":1}},"line":16},"2":{"name":"(anonymous_2)","decl":{"start":{"line":26,"column":18},"end":{"line":26,"column":19}},"loc":{"start":{"line":26,"column":29},"end":{"line":52,"column":1}},"line":26},"3":{"name":"(anonymous_3)","decl":{"start":{"line":39,"column":20},"end":{"line":39,"column":21}},"loc":{"start":{"line":40,"column":12},"end":{"line":46,"column":29}},"line":40}},"branchMap":{"0":{"loc":{"start":{"line":44,"column":58},"end":{"line":44,"column":111}},"type":"cond-expr","locations":[{"start":{"line":44,"column":80},"end":{"line":44,"column":95}},{"start":{"line":44,"column":98},"end":{"line":44,"column":111}}],"line":44},"1":{"loc":{"start":{"line":44,"column":115},"end":{"line":44,"column":140}},"type":"binary-expr","locations":[{"start":{"line":44,"column":115},"end":{"line":44,"column":133}},{"start":{"line":44,"column":137},"end":{"line":44,"column":140}}],"line":44}},"s":{"0":1,"1":48,"2":1,"3":10,"4":1,"5":6,"6":6,"7":10},"f":{"0":48,"1":10,"2":6,"3":10},"b":{"0":[5,5],"1":[10,5]},"_coverageSchema":"1a1c01bbd47fc00a2c39e90264f33305004495a9","hash":"6e5e4ebce851ca0c1efdbd319e6947a992df2a33"}
,"/Users/arun/Documents/Coding/REACT/AwesomeGIC Bank/my-app/src/Components/Header/Header.jsx": {"path":"/Users/arun/Documents/Coding/REACT/AwesomeGIC Bank/my-app/src/Components/Header/Header.jsx","statementMap":{"0":{"start":{"line":14,"column":15},"end":{"line":57,"column":1}},"1":{"start":{"line":15,"column":17},"end":{"line":15,"column":22}},"2":{"start":{"line":16,"column":17},"end":{"line":16,"column":30}},"3":{"start":{"line":18,"column":21},"end":{"line":21,"column":5}},"4":{"start":{"line":19,"column":4},"end":{"line":19,"column":13}},"5":{"start":{"line":20,"column":4},"end":{"line":20,"column":24}},"6":{"start":{"line":23,"column":4},"end":{"line":56,"column":5}}},"fnMap":{"0":{"name":"(anonymous_0)","decl":{"start":{"line":14,"column":15},"end":{"line":14,"column":16}},"loc":{"start":{"line":14,"column":26},"end":{"line":57,"column":1}},"line":14},"1":{"name":"(anonymous_1)","decl":{"start":{"line":18,"column":21},"end":{"line":18,"column":22}},"loc":{"start":{"line":18,"column":27},"end":{"line":21,"column":5}},"line":18}},"branchMap":{},"s":{"0":1,"1":5,"2":5,"3":5,"4":1,"5":1,"6":5},"f":{"0":5,"1":1},"b":{},"_coverageSchema":"1a1c01bbd47fc00a2c39e90264f33305004495a9","hash":"7fb1d9236e21a5c9d8158e2e02d736c47c9e7a5d"}
,"/Users/arun/Documents/Coding/REACT/AwesomeGIC Bank/my-app/src/Components/LeftMenu/LeftMenu.jsx": {"path":"/Users/arun/Documents/Coding/REACT/AwesomeGIC Bank/my-app/src/Components/LeftMenu/LeftMenu.jsx","statementMap":{"0":{"start":{"line":10,"column":17},"end":{"line":69,"column":1}},"1":{"start":{"line":11,"column":21},"end":{"line":11,"column":26}},"2":{"start":{"line":13,"column":4},"end":{"line":68,"column":5}}},"fnMap":{"0":{"name":"(anonymous_0)","decl":{"start":{"line":10,"column":17},"end":{"line":10,"column":18}},"loc":{"start":{"line":10,"column":28},"end":{"line":69,"column":1}},"line":10}},"branchMap":{"0":{"loc":{"start":{"line":15,"column":50},"end":{"line":15,"column":130}},"type":"cond-expr","locations":[{"start":{"line":15,"column":73},"end":{"line":15,"column":111}},{"start":{"line":15,"column":114},"end":{"line":15,"column":130}}],"line":15},"1":{"loc":{"start":{"line":18,"column":63},"end":{"line":18,"column":103}},"type":"cond-expr","locations":[{"start":{"line":18,"column":86},"end":{"line":18,"column":94}},{"start":{"line":18,"column":96},"end":{"line":18,"column":103}}],"line":18},"2":{"loc":{"start":{"line":28,"column":47},"end":{"line":28,"column":125}},"type":"cond-expr","locations":[{"start":{"line":28,"column":68},"end":{"line":28,"column":106}},{"start":{"line":28,"column":109},"end":{"line":28,"column":125}}],"line":28},"3":{"loc":{"start":{"line":31,"column":69},"end":{"line":31,"column":107}},"type":"cond-expr","locations":[{"start":{"line":31,"column":90},"end":{"line":31,"column":98}},{"start":{"line":31,"column":100},"end":{"line":31,"column":107}}],"line":31},"4":{"loc":{"start":{"line":41,"column":48},"end":{"line":41,"column":127}},"type":"cond-expr","locations":[{"start":{"line":41,"column":70},"end":{"line":41,"column":108}},{"start":{"line":41,"column":111},"end":{"line":41,"column":127}}],"line":41},"5":{"loc":{"start":{"line":44,"column":58},"end":{"line":44,"column":97}},"type":"cond-expr","locations":[{"start":{"line":44,"column":80},"end":{"line":44,"column":88}},{"start":{"line":44,"column":90},"end":{"line":44,"column":97}}],"line":44},"6":{"loc":{"start":{"line":54,"column":50},"end":{"line":54,"column":131}},"type":"cond-expr","locations":[{"start":{"line":54,"column":74},"end":{"line":54,"column":112}},{"start":{"line":54,"column":115},"end":{"line":54,"column":131}}],"line":54},"7":{"loc":{"start":{"line":57,"column":56},"end":{"line":57,"column":97}},"type":"cond-expr","locations":[{"start":{"line":57,"column":80},"end":{"line":57,"column":88}},{"start":{"line":57,"column":90},"end":{"line":57,"column":97}}],"line":57}},"s":{"0":1,"1":4,"2":4},"f":{"0":4},"b":{"0":[3,1],"1":[3,1],"2":[1,3],"3":[1,3],"4":[0,4],"5":[0,4],"6":[0,4],"7":[0,4]},"_coverageSchema":"1a1c01bbd47fc00a2c39e90264f33305004495a9","hash":"a4f7b39400d8b11ef29912ebbec01e888c53f737"}
,"/Users/arun/Documents/Coding/REACT/AwesomeGIC Bank/my-app/src/Components/Modal/Modal.jsx": {"path":"/Users/arun/Documents/Coding/REACT/AwesomeGIC Bank/my-app/src/Components/Modal/Modal.jsx","statementMap":{"0":{"start":{"line":7,"column":26},"end":{"line":7,"column":46}},"1":{"start":{"line":11,"column":22},"end":{"line":14,"column":3}},"2":{"start":{"line":12,"column":4},"end":{"line":12,"column":19}},"3":{"start":{"line":13,"column":4},"end":{"line":13,"column":27}},"4":{"start":{"line":16,"column":2},"end":{"line":42,"column":4}}},"fnMap":{"0":{"name":"Modal","decl":{"start":{"line":6,"column":24},"end":{"line":6,"column":29}},"loc":{"start":{"line":6,"column":37},"end":{"line":43,"column":1}},"line":6},"1":{"name":"(anonymous_1)","decl":{"start":{"line":11,"column":22},"end":{"line":11,"column":23}},"loc":{"start":{"line":11,"column":28},"end":{"line":14,"column":3}},"line":11}},"branchMap":{},"s":{"0":3,"1":3,"2":0,"3":0,"4":3},"f":{"0":3,"1":0},"b":{},"_coverageSchema":"1a1c01bbd47fc00a2c39e90264f33305004495a9","hash":"794984cad18356e7bc7177b1408f69b21cb7f759"}
,"/Users/arun/Documents/Coding/REACT/AwesomeGIC Bank/my-app/src/Pages/Deposit/Deposit.jsx": {"path":"/Users/arun/Documents/Coding/REACT/AwesomeGIC Bank/my-app/src/Pages/Deposit/Deposit.jsx","statementMap":{"0":{"start":{"line":16,"column":16},"end":{"line":124,"column":1}},"1":{"start":{"line":17,"column":34},"end":{"line":17,"column":46}},"2":{"start":{"line":18,"column":28},"end":{"line":18,"column":42}},"3":{"start":{"line":19,"column":32},"end":{"line":19,"column":46}},"4":{"start":{"line":20,"column":30},"end":{"line":20,"column":44}},"5":{"start":{"line":22,"column":24},"end":{"line":29,"column":3}},"6":{"start":{"line":23,"column":4},"end":{"line":28,"column":39}},"7":{"start":{"line":26,"column":8},"end":{"line":26,"column":30}},"8":{"start":{"line":28,"column":22},"end":{"line":28,"column":38}},"9":{"start":{"line":31,"column":2},"end":{"line":34,"column":13}},"10":{"start":{"line":32,"column":13},"end":{"line":32,"column":20}},"11":{"start":{"line":33,"column":4},"end":{"line":33,"column":22}},"12":{"start":{"line":36,"column":23},"end":{"line":41,"column":3}},"13":{"start":{"line":37,"column":14},"end":{"line":37,"column":28}},"14":{"start":{"line":38,"column":4},"end":{"line":38,"column":18}},"15":{"start":{"line":39,"column":4},"end":{"line":39,"column":18}},"16":{"start":{"line":40,"column":4},"end":{"line":40,"column":20}},"17":{"start":{"line":43,"column":23},"end":{"line":63,"column":3}},"18":{"start":{"line":44,"column":4},"end":{"line":61,"column":3}},"19":{"start":{"line":45,"column":18},"end":{"line":45,"column":73}},"20":{"start":{"line":46,"column":17},"end":{"line":50,"column":7}},"21":{"start":{"line":52,"column":15},"end":{"line":52,"column":22}},"22":{"start":{"line":53,"column":20},"end":{"line":53,"column":71}},"23":{"start":{"line":54,"column":6},"end":{"line":57,"column":46}},"24":{"start":{"line":56,"column":23},"end":{"line":56,"column":115}},"25":{"start":{"line":57,"column":26},"end":{"line":57,"column":44}},"26":{"start":{"line":60,"column":4},"end":{"line":60,"column":52}},"27":{"start":{"line":62,"column":2},"end":{"line":62,"column":14}},"28":{"start":{"line":65,"column":2},"end":{"line":123,"column":4}},"29":{"start":{"line":114,"column":31},"end":{"line":114,"column":49}}},"fnMap":{"0":{"name":"(anonymous_0)","decl":{"start":{"line":16,"column":16},"end":{"line":16,"column":17}},"loc":{"start":{"line":16,"column":38},"end":{"line":124,"column":1}},"line":16},"1":{"name":"(anonymous_1)","decl":{"start":{"line":22,"column":24},"end":{"line":22,"column":25}},"loc":{"start":{"line":22,"column":32},"end":{"line":29,"column":3}},"line":22},"2":{"name":"(anonymous_2)","decl":{"start":{"line":25,"column":12},"end":{"line":25,"column":13}},"loc":{"start":{"line":25,"column":21},"end":{"line":27,"column":7}},"line":25},"3":{"name":"(anonymous_3)","decl":{"start":{"line":28,"column":13},"end":{"line":28,"column":14}},"loc":{"start":{"line":28,"column":22},"end":{"line":28,"column":38}},"line":28},"4":{"name":"(anonymous_4)","decl":{"start":{"line":31,"column":12},"end":{"line":31,"column":13}},"loc":{"start":{"line":31,"column":18},"end":{"line":34,"column":3}},"line":31},"5":{"name":"(anonymous_5)","decl":{"start":{"line":36,"column":23},"end":{"line":36,"column":24}},"loc":{"start":{"line":36,"column":30},"end":{"line":41,"column":3}},"line":36},"6":{"name":"(anonymous_6)","decl":{"start":{"line":43,"column":23},"end":{"line":43,"column":24}},"loc":{"start":{"line":43,"column":33},"end":{"line":63,"column":3}},"line":43},"7":{"name":"(anonymous_7)","decl":{"start":{"line":56,"column":14},"end":{"line":56,"column":15}},"loc":{"start":{"line":56,"column":23},"end":{"line":56,"column":115}},"line":56},"8":{"name":"(anonymous_8)","decl":{"start":{"line":57,"column":15},"end":{"line":57,"column":16}},"loc":{"start":{"line":57,"column":26},"end":{"line":57,"column":44}},"line":57},"9":{"name":"(anonymous_9)","decl":{"start":{"line":114,"column":25},"end":{"line":114,"column":26}},"loc":{"start":{"line":114,"column":31},"end":{"line":114,"column":49}},"line":114}},"branchMap":{"0":{"loc":{"start":{"line":44,"column":4},"end":{"line":61,"column":3}},"type":"if","locations":[{"start":{"line":44,"column":4},"end":{"line":61,"column":3}},{"start":{"line":59,"column":9},"end":{"line":61,"column":3}}],"line":44},"1":{"loc":{"start":{"line":93,"column":17},"end":{"line":93,"column":66}},"type":"binary-expr","locations":[{"start":{"line":93,"column":17},"end":{"line":93,"column":22}},{"start":{"line":93,"column":26},"end":{"line":93,"column":66}}],"line":93},"2":{"loc":{"start":{"line":94,"column":17},"end":{"line":94,"column":83}},"type":"binary-expr","locations":[{"start":{"line":94,"column":18},"end":{"line":94,"column":24}},{"start":{"line":94,"column":28},"end":{"line":94,"column":35}},{"start":{"line":94,"column":40},"end":{"line":94,"column":83}}],"line":94}},"s":{"0":1,"1":16,"2":16,"3":16,"4":16,"5":16,"6":5,"7":5,"8":0,"9":16,"10":5,"11":5,"12":16,"13":3,"14":3,"15":3,"16":3,"17":16,"18":3,"19":2,"20":2,"21":2,"22":2,"23":2,"24":1,"25":1,"26":1,"27":3,"28":16,"29":3},"f":{"0":16,"1":5,"2":5,"3":0,"4":5,"5":3,"6":3,"7":1,"8":1,"9":3},"b":{"0":[2,1],"1":[16,2],"2":[16,14,1]},"_coverageSchema":"1a1c01bbd47fc00a2c39e90264f33305004495a9","hash":"9189f57e210eab19f420ec7166ef893572947fc0"}
,"/Users/arun/Documents/Coding/REACT/AwesomeGIC Bank/my-app/src/Pages/Estatement/Estatement.jsx": {"path":"/Users/arun/Documents/Coding/REACT/AwesomeGIC Bank/my-app/src/Pages/Estatement/Estatement.jsx","statementMap":{"0":{"start":{"line":15,"column":19},"end":{"line":87,"column":1}},"1":{"start":{"line":16,"column":34},"end":{"line":16,"column":46}},"2":{"start":{"line":17,"column":32},"end":{"line":17,"column":47}},"3":{"start":{"line":19,"column":24},"end":{"line":28,"column":3}},"4":{"start":{"line":20,"column":4},"end":{"line":20,"column":21}},"5":{"start":{"line":21,"column":4},"end":{"line":27,"column":40}},"6":{"start":{"line":24,"column":8},"end":{"line":24,"column":30}},"7":{"start":{"line":26,"column":22},"end":{"line":26,"column":38}},"8":{"start":{"line":27,"column":21},"end":{"line":27,"column":38}},"9":{"start":{"line":30,"column":2},"end":{"line":33,"column":13}},"10":{"start":{"line":31,"column":13},"end":{"line":31,"column":20}},"11":{"start":{"line":32,"column":4},"end":{"line":32,"column":22}},"12":{"start":{"line":37,"column":2},"end":{"line":86,"column":4}}},"fnMap":{"0":{"name":"(anonymous_0)","decl":{"start":{"line":15,"column":19},"end":{"line":15,"column":20}},"loc":{"start":{"line":15,"column":41},"end":{"line":87,"column":1}},"line":15},"1":{"name":"(anonymous_1)","decl":{"start":{"line":19,"column":24},"end":{"line":19,"column":25}},"loc":{"start":{"line":19,"column":32},"end":{"line":28,"column":3}},"line":19},"2":{"name":"(anonymous_2)","decl":{"start":{"line":23,"column":12},"end":{"line":23,"column":13}},"loc":{"start":{"line":23,"column":21},"end":{"line":25,"column":7}},"line":23},"3":{"name":"(anonymous_3)","decl":{"start":{"line":26,"column":13},"end":{"line":26,"column":14}},"loc":{"start":{"line":26,"column":22},"end":{"line":26,"column":38}},"line":26},"4":{"name":"(anonymous_4)","decl":{"start":{"line":27,"column":15},"end":{"line":27,"column":16}},"loc":{"start":{"line":27,"column":21},"end":{"line":27,"column":38}},"line":27},"5":{"name":"(anonymous_5)","decl":{"start":{"line":30,"column":12},"end":{"line":30,"column":13}},"loc":{"start":{"line":30,"column":18},"end":{"line":33,"column":3}},"line":30}},"branchMap":{"0":{"loc":{"start":{"line":67,"column":18},"end":{"line":69,"column":81}},"type":"cond-expr","locations":[{"start":{"line":68,"column":18},"end":{"line":68,"column":28}},{"start":{"line":69,"column":18},"end":{"line":69,"column":81}}],"line":67},"1":{"loc":{"start":{"line":69,"column":18},"end":{"line":69,"column":81}},"type":"binary-expr","locations":[{"start":{"line":69,"column":18},"end":{"line":69,"column":37}},{"start":{"line":69,"column":41},"end":{"line":69,"column":81}}],"line":69}},"s":{"0":1,"1":10,"2":10,"3":10,"4":4,"5":4,"6":2,"7":1,"8":3,"9":10,"10":4,"11":4,"12":10},"f":{"0":10,"1":4,"2":2,"3":1,"4":3,"5":4},"b":{"0":[4,6],"1":[6,2]},"_coverageSchema":"1a1c01bbd47fc00a2c39e90264f33305004495a9","hash":"a2d1458eefc6b3af4190ebbb4d9a838247426c26"}
,"/Users/arun/Documents/Coding/REACT/AwesomeGIC Bank/my-app/src/Pages/Login/Login.jsx": {"path":"/Users/arun/Documents/Coding/REACT/AwesomeGIC Bank/my-app/src/Pages/Login/Login.jsx","statementMap":{"0":{"start":{"line":8,"column":14},"end":{"line":92,"column":1}},"1":{"start":{"line":9,"column":34},"end":{"line":9,"column":46}},"2":{"start":{"line":10,"column":34},"end":{"line":10,"column":46}},"3":{"start":{"line":11,"column":28},"end":{"line":11,"column":40}},"4":{"start":{"line":13,"column":19},"end":{"line":13,"column":32}},"5":{"start":{"line":15,"column":22},"end":{"line":29,"column":3}},"6":{"start":{"line":16,"column":16},"end":{"line":16,"column":43}},"7":{"start":{"line":17,"column":18},"end":{"line":17,"column":34}},"8":{"start":{"line":19,"column":17},"end":{"line":21,"column":5}},"9":{"start":{"line":20,"column":16},"end":{"line":20,"column":72}},"10":{"start":{"line":23,"column":4},"end":{"line":28,"column":5}},"11":{"start":{"line":24,"column":6},"end":{"line":24,"column":20}},"12":{"start":{"line":25,"column":6},"end":{"line":25,"column":29}},"13":{"start":{"line":27,"column":6},"end":{"line":27,"column":47}},"14":{"start":{"line":31,"column":23},"end":{"line":33,"column":3}},"15":{"start":{"line":32,"column":4},"end":{"line":32,"column":24}},"16":{"start":{"line":35,"column":2},"end":{"line":91,"column":4}},"17":{"start":{"line":58,"column":29},"end":{"line":58,"column":56}},"18":{"start":{"line":66,"column":29},"end":{"line":66,"column":56}}},"fnMap":{"0":{"name":"(anonymous_0)","decl":{"start":{"line":8,"column":14},"end":{"line":8,"column":15}},"loc":{"start":{"line":8,"column":31},"end":{"line":92,"column":1}},"line":8},"1":{"name":"(anonymous_1)","decl":{"start":{"line":15,"column":22},"end":{"line":15,"column":23}},"loc":{"start":{"line":15,"column":34},"end":{"line":29,"column":3}},"line":15},"2":{"name":"(anonymous_2)","decl":{"start":{"line":20,"column":6},"end":{"line":20,"column":7}},"loc":{"start":{"line":20,"column":16},"end":{"line":20,"column":72}},"line":20},"3":{"name":"(anonymous_3)","decl":{"start":{"line":31,"column":23},"end":{"line":31,"column":24}},"loc":{"start":{"line":31,"column":29},"end":{"line":33,"column":3}},"line":31},"4":{"name":"(anonymous_4)","decl":{"start":{"line":58,"column":22},"end":{"line":58,"column":23}},"loc":{"start":{"line":58,"column":29},"end":{"line":58,"column":56}},"line":58},"5":{"name":"(anonymous_5)","decl":{"start":{"line":66,"column":22},"end":{"line":66,"column":23}},"loc":{"start":{"line":66,"column":29},"end":{"line":66,"column":56}},"line":66}},"branchMap":{"0":{"loc":{"start":{"line":20,"column":16},"end":{"line":20,"column":72}},"type":"binary-expr","locations":[{"start":{"line":20,"column":16},"end":{"line":20,"column":42}},{"start":{"line":20,"column":46},"end":{"line":20,"column":72}}],"line":20},"1":{"loc":{"start":{"line":23,"column":4},"end":{"line":28,"column":5}},"type":"if","locations":[{"start":{"line":23,"column":4},"end":{"line":28,"column":5}},{"start":{"line":26,"column":11},"end":{"line":28,"column":5}}],"line":23},"2":{"loc":{"start":{"line":87,"column":11},"end":{"line":87,"column":66}},"type":"binary-expr","locations":[{"start":{"line":87,"column":11},"end":{"line":87,"column":16}},{"start":{"line":87,"column":20},"end":{"line":87,"column":66}}],"line":87}},"s":{"0":1,"1":12,"2":12,"3":12,"4":12,"5":12,"6":2,"7":2,"8":2,"9":1,"10":2,"11":1,"12":1,"13":1,"14":12,"15":1,"16":12,"17":3,"18":3},"f":{"0":12,"1":2,"2":1,"3":1,"4":3,"5":3},"b":{"0":[1,1],"1":[1,1],"2":[12,1]},"_coverageSchema":"1a1c01bbd47fc00a2c39e90264f33305004495a9","hash":"9ac6ca010a6c09716869287cc189ef63f1670a9b"}
,"/Users/arun/Documents/Coding/REACT/AwesomeGIC Bank/my-app/src/Pages/Logout/Logout.jsx": {"path":"/Users/arun/Documents/Coding/REACT/AwesomeGIC Bank/my-app/src/Pages/Logout/Logout.jsx","statementMap":{"0":{"start":{"line":7,"column":15},"end":{"line":57,"column":1}},"1":{"start":{"line":9,"column":19},"end":{"line":9,"column":32}},"2":{"start":{"line":11,"column":2},"end":{"line":16,"column":7}},"3":{"start":{"line":12,"column":4},"end":{"line":14,"column":12}},"4":{"start":{"line":13,"column":6},"end":{"line":13,"column":20}},"5":{"start":{"line":18,"column":22},"end":{"line":20,"column":3}},"6":{"start":{"line":19,"column":4},"end":{"line":19,"column":18}},"7":{"start":{"line":22,"column":2},"end":{"line":56,"column":4}}},"fnMap":{"0":{"name":"(anonymous_0)","decl":{"start":{"line":7,"column":15},"end":{"line":7,"column":16}},"loc":{"start":{"line":7,"column":32},"end":{"line":57,"column":1}},"line":7},"1":{"name":"(anonymous_1)","decl":{"start":{"line":11,"column":12},"end":{"line":11,"column":13}},"loc":{"start":{"line":11,"column":17},"end":{"line":16,"column":3}},"line":11},"2":{"name":"(anonymous_2)","decl":{"start":{"line":12,"column":15},"end":{"line":12,"column":16}},"loc":{"start":{"line":12,"column":20},"end":{"line":14,"column":5}},"line":12},"3":{"name":"(anonymous_3)","decl":{"start":{"line":18,"column":22},"end":{"line":18,"column":23}},"loc":{"start":{"line":18,"column":28},"end":{"line":20,"column":3}},"line":18}},"branchMap":{},"s":{"0":1,"1":3,"2":3,"3":3,"4":1,"5":3,"6":1,"7":3},"f":{"0":3,"1":3,"2":1,"3":1},"b":{},"_coverageSchema":"1a1c01bbd47fc00a2c39e90264f33305004495a9","hash":"cc90068af61d7dc44f410e111cbaa284d738dbc5"}
,"/Users/arun/Documents/Coding/REACT/AwesomeGIC Bank/my-app/src/Pages/Signup/Signup.jsx": {"path":"/Users/arun/Documents/Coding/REACT/AwesomeGIC Bank/my-app/src/Pages/Signup/Signup.jsx","statementMap":{"0":{"start":{"line":9,"column":15},"end":{"line":135,"column":1}},"1":{"start":{"line":10,"column":34},"end":{"line":10,"column":46}},"2":{"start":{"line":11,"column":34},"end":{"line":11,"column":46}},"3":{"start":{"line":12,"column":48},"end":{"line":12,"column":60}},"4":{"start":{"line":13,"column":28},"end":{"line":13,"column":40}},"5":{"start":{"line":14,"column":46},"end":{"line":14,"column":58}},"6":{"start":{"line":16,"column":19},"end":{"line":16,"column":32}},"7":{"start":{"line":17,"column":19},"end":{"line":17,"column":32}},"8":{"start":{"line":19,"column":32},"end":{"line":22,"column":3}},"9":{"start":{"line":20,"column":25},"end":{"line":20,"column":68}},"10":{"start":{"line":21,"column":4},"end":{"line":21,"column":67}},"11":{"start":{"line":25,"column":23},"end":{"line":62,"column":3}},"12":{"start":{"line":26,"column":4},"end":{"line":29,"column":5}},"13":{"start":{"line":27,"column":6},"end":{"line":27,"column":44}},"14":{"start":{"line":28,"column":6},"end":{"line":28,"column":13}},"15":{"start":{"line":31,"column":4},"end":{"line":34,"column":5}},"16":{"start":{"line":32,"column":6},"end":{"line":32,"column":41}},"17":{"start":{"line":33,"column":6},"end":{"line":33,"column":13}},"18":{"start":{"line":36,"column":26},"end":{"line":36,"column":49}},"19":{"start":{"line":38,"column":17},"end":{"line":44,"column":5}},"20":{"start":{"line":46,"column":4},"end":{"line":56,"column":9}},"21":{"start":{"line":49,"column":8},"end":{"line":51,"column":10}},"22":{"start":{"line":54,"column":8},"end":{"line":54,"column":27}},"23":{"start":{"line":55,"column":8},"end":{"line":55,"column":24}},"24":{"start":{"line":58,"column":4},"end":{"line":58,"column":18}},"25":{"start":{"line":59,"column":4},"end":{"line":61,"column":13}},"26":{"start":{"line":60,"column":6},"end":{"line":60,"column":20}},"27":{"start":{"line":64,"column":2},"end":{"line":134,"column":4}},"28":{"start":{"line":89,"column":29},"end":{"line":89,"column":56}},"29":{"start":{"line":97,"column":29},"end":{"line":97,"column":56}},"30":{"start":{"line":105,"column":29},"end":{"line":105,"column":63}}},"fnMap":{"0":{"name":"(anonymous_0)","decl":{"start":{"line":9,"column":15},"end":{"line":9,"column":16}},"loc":{"start":{"line":9,"column":32},"end":{"line":135,"column":1}},"line":9},"1":{"name":"(anonymous_1)","decl":{"start":{"line":19,"column":32},"end":{"line":19,"column":33}},"loc":{"start":{"line":19,"column":38},"end":{"line":22,"column":3}},"line":19},"2":{"name":"(anonymous_2)","decl":{"start":{"line":25,"column":23},"end":{"line":25,"column":24}},"loc":{"start":{"line":25,"column":29},"end":{"line":62,"column":3}},"line":25},"3":{"name":"(anonymous_3)","decl":{"start":{"line":48,"column":12},"end":{"line":48,"column":13}},"loc":{"start":{"line":48,"column":32},"end":{"line":52,"column":7}},"line":48},"4":{"name":"(anonymous_4)","decl":{"start":{"line":53,"column":13},"end":{"line":53,"column":14}},"loc":{"start":{"line":53,"column":30},"end":{"line":56,"column":7}},"line":53},"5":{"name":"(anonymous_5)","decl":{"start":{"line":59,"column":15},"end":{"line":59,"column":16}},"loc":{"start":{"line":59,"column":21},"end":{"line":61,"column":5}},"line":59},"6":{"name":"(anonymous_6)","decl":{"start":{"line":89,"column":22},"end":{"line":89,"column":23}},"loc":{"start":{"line":89,"column":29},"end":{"line":89,"column":56}},"line":89},"7":{"name":"(anonymous_7)","decl":{"start":{"line":97,"column":22},"end":{"line":97,"column":23}},"loc":{"start":{"line":97,"column":29},"end":{"line":97,"column":56}},"line":97},"8":{"name":"(anonymous_8)","decl":{"start":{"line":105,"column":22},"end":{"line":105,"column":23}},"loc":{"start":{"line":105,"column":29},"end":{"line":105,"column":63}},"line":105}},"branchMap":{"0":{"loc":{"start":{"line":26,"column":4},"end":{"line":29,"column":5}},"type":"if","locations":[{"start":{"line":26,"column":4},"end":{"line":29,"column":5}},{"start":{},"end":{}}],"line":26},"1":{"loc":{"start":{"line":26,"column":8},"end":{"line":26,"column":50}},"type":"binary-expr","locations":[{"start":{"line":26,"column":8},"end":{"line":26,"column":17}},{"start":{"line":26,"column":21},"end":{"line":26,"column":30}},{"start":{"line":26,"column":34},"end":{"line":26,"column":50}}],"line":26},"2":{"loc":{"start":{"line":31,"column":4},"end":{"line":34,"column":5}},"type":"if","locations":[{"start":{"line":31,"column":4},"end":{"line":34,"column":5}},{"start":{},"end":{}}],"line":31},"3":{"loc":{"start":{"line":121,"column":11},"end":{"line":125,"column":11}},"type":"binary-expr","locations":[{"start":{"line":121,"column":11},"end":{"line":121,"column":16}},{"start":{"line":122,"column":12},"end":{"line":124,"column":25}}],"line":121},"4":{"loc":{"start":{"line":126,"column":11},"end":{"line":130,"column":11}},"type":"binary-expr","locations":[{"start":{"line":126,"column":11},"end":{"line":126,"column":25}},{"start":{"line":127,"column":12},"end":{"line":129,"column":25}}],"line":126}},"s":{"0":1,"1":21,"2":21,"3":21,"4":21,"5":21,"6":21,"7":21,"8":21,"9":2,"10":2,"11":21,"12":4,"13":1,"14":1,"15":3,"16":1,"17":1,"18":2,"19":2,"20":2,"21":2,"22":0,"23":0,"24":2,"25":2,"26":2,"27":21,"28":4,"29":4,"30":4},"f":{"0":21,"1":2,"2":4,"3":2,"4":0,"5":2,"6":4,"7":4,"8":4},"b":{"0":[1,3],"1":[4,3,3],"2":[1,2],"3":[21,2],"4":[21,1]},"_coverageSchema":"1a1c01bbd47fc00a2c39e90264f33305004495a9","hash":"dc586cf1a8ea7871b05ac02c935b4ccfa5213f41"}
,"/Users/arun/Documents/Coding/REACT/AwesomeGIC Bank/my-app/src/Pages/Withdraw/Withdraw.jsx": {"path":"/Users/arun/Documents/Coding/REACT/AwesomeGIC Bank/my-app/src/Pages/Withdraw/Withdraw.jsx","statementMap":{"0":{"start":{"line":16,"column":17},"end":{"line":124,"column":1}},"1":{"start":{"line":17,"column":34},"end":{"line":17,"column":46}},"2":{"start":{"line":18,"column":28},"end":{"line":18,"column":42}},"3":{"start":{"line":19,"column":32},"end":{"line":19,"column":46}},"4":{"start":{"line":20,"column":30},"end":{"line":20,"column":44}},"5":{"start":{"line":22,"column":24},"end":{"line":29,"column":3}},"6":{"start":{"line":23,"column":4},"end":{"line":28,"column":39}},"7":{"start":{"line":26,"column":8},"end":{"line":26,"column":30}},"8":{"start":{"line":28,"column":22},"end":{"line":28,"column":38}},"9":{"start":{"line":31,"column":2},"end":{"line":34,"column":13}},"10":{"start":{"line":32,"column":13},"end":{"line":32,"column":20}},"11":{"start":{"line":33,"column":4},"end":{"line":33,"column":22}},"12":{"start":{"line":36,"column":23},"end":{"line":41,"column":3}},"13":{"start":{"line":37,"column":14},"end":{"line":37,"column":28}},"14":{"start":{"line":38,"column":4},"end":{"line":38,"column":18}},"15":{"start":{"line":39,"column":4},"end":{"line":39,"column":18}},"16":{"start":{"line":40,"column":4},"end":{"line":40,"column":20}},"17":{"start":{"line":43,"column":23},"end":{"line":63,"column":3}},"18":{"start":{"line":44,"column":4},"end":{"line":61,"column":3}},"19":{"start":{"line":45,"column":18},"end":{"line":45,"column":73}},"20":{"start":{"line":46,"column":17},"end":{"line":50,"column":7}},"21":{"start":{"line":52,"column":15},"end":{"line":52,"column":22}},"22":{"start":{"line":53,"column":20},"end":{"line":53,"column":71}},"23":{"start":{"line":54,"column":6},"end":{"line":57,"column":46}},"24":{"start":{"line":56,"column":23},"end":{"line":56,"column":117}},"25":{"start":{"line":57,"column":26},"end":{"line":57,"column":44}},"26":{"start":{"line":60,"column":4},"end":{"line":60,"column":53}},"27":{"start":{"line":62,"column":2},"end":{"line":62,"column":14}},"28":{"start":{"line":65,"column":2},"end":{"line":123,"column":4}},"29":{"start":{"line":114,"column":31},"end":{"line":114,"column":49}}},"fnMap":{"0":{"name":"(anonymous_0)","decl":{"start":{"line":16,"column":17},"end":{"line":16,"column":18}},"loc":{"start":{"line":16,"column":39},"end":{"line":124,"column":1}},"line":16},"1":{"name":"(anonymous_1)","decl":{"start":{"line":22,"column":24},"end":{"line":22,"column":25}},"loc":{"start":{"line":22,"column":32},"end":{"line":29,"column":3}},"line":22},"2":{"name":"(anonymous_2)","decl":{"start":{"line":25,"column":12},"end":{"line":25,"column":13}},"loc":{"start":{"line":25,"column":21},"end":{"line":27,"column":7}},"line":25},"3":{"name":"(anonymous_3)","decl":{"start":{"line":28,"column":13},"end":{"line":28,"column":14}},"loc":{"start":{"line":28,"column":22},"end":{"line":28,"column":38}},"line":28},"4":{"name":"(anonymous_4)","decl":{"start":{"line":31,"column":12},"end":{"line":31,"column":13}},"loc":{"start":{"line":31,"column":18},"end":{"line":34,"column":3}},"line":31},"5":{"name":"(anonymous_5)","decl":{"start":{"line":36,"column":23},"end":{"line":36,"column":24}},"loc":{"start":{"line":36,"column":30},"end":{"line":41,"column":3}},"line":36},"6":{"name":"(anonymous_6)","decl":{"start":{"line":43,"column":23},"end":{"line":43,"column":24}},"loc":{"start":{"line":43,"column":33},"end":{"line":63,"column":3}},"line":43},"7":{"name":"(anonymous_7)","decl":{"start":{"line":56,"column":14},"end":{"line":56,"column":15}},"loc":{"start":{"line":56,"column":23},"end":{"line":56,"column":117}},"line":56},"8":{"name":"(anonymous_8)","decl":{"start":{"line":57,"column":15},"end":{"line":57,"column":16}},"loc":{"start":{"line":57,"column":26},"end":{"line":57,"column":44}},"line":57},"9":{"name":"(anonymous_9)","decl":{"start":{"line":114,"column":25},"end":{"line":114,"column":26}},"loc":{"start":{"line":114,"column":31},"end":{"line":114,"column":49}},"line":114}},"branchMap":{"0":{"loc":{"start":{"line":44,"column":4},"end":{"line":61,"column":3}},"type":"if","locations":[{"start":{"line":44,"column":4},"end":{"line":61,"column":3}},{"start":{"line":59,"column":9},"end":{"line":61,"column":3}}],"line":44},"1":{"loc":{"start":{"line":93,"column":17},"end":{"line":93,"column":66}},"type":"binary-expr","locations":[{"start":{"line":93,"column":17},"end":{"line":93,"column":22}},{"start":{"line":93,"column":26},"end":{"line":93,"column":66}}],"line":93},"2":{"loc":{"start":{"line":94,"column":17},"end":{"line":94,"column":83}},"type":"binary-expr","locations":[{"start":{"line":94,"column":18},"end":{"line":94,"column":24}},{"start":{"line":94,"column":28},"end":{"line":94,"column":35}},{"start":{"line":94,"column":40},"end":{"line":94,"column":83}}],"line":94}},"s":{"0":1,"1":16,"2":16,"3":16,"4":16,"5":16,"6":5,"7":5,"8":0,"9":16,"10":5,"11":5,"12":16,"13":3,"14":3,"15":3,"16":3,"17":16,"18":3,"19":2,"20":2,"21":2,"22":2,"23":2,"24":1,"25":1,"26":1,"27":3,"28":16,"29":3},"f":{"0":16,"1":5,"2":5,"3":0,"4":5,"5":3,"6":3,"7":1,"8":1,"9":3},"b":{"0":[2,1],"1":[16,2],"2":[16,14,1]},"_coverageSchema":"1a1c01bbd47fc00a2c39e90264f33305004495a9","hash":"c16f6f9326047f67a49f2778cbcd893d8408ca24"}
,"/Users/arun/Documents/Coding/REACT/AwesomeGIC Bank/my-app/src/utils/constants.js": {"path":"/Users/arun/Documents/Coding/REACT/AwesomeGIC Bank/my-app/src/utils/constants.js","statementMap":{"0":{"start":{"line":3,"column":25},"end":{"line":35,"column":1}}},"fnMap":{},"branchMap":{},"s":{"0":2},"f":{},"b":{},"_coverageSchema":"1a1c01bbd47fc00a2c39e90264f33305004495a9","hash":"5bdbb2bbb52700055f03d7ea731990239d103128"}
}
