TN:
SF:src/App.js
FN:12,(anonymous_0)
FN:22,(anonymous_1)
FNF:2
FNH:1
FNDA:22,(anonymous_0)
FNDA:0,(anonymous_1)
DA:12,1
DA:13,22
DA:14,22
DA:15,22
DA:17,22
DA:18,11
DA:19,11
DA:22,22
DA:23,0
DA:26,22
LF:10
LH:9
BRDA:17,0,0,11
BRDA:17,0,1,11
BRDA:33,1,0,0
BRDA:33,1,1,22
BRDA:34,2,0,0
BRDA:34,2,1,22
BRDA:35,3,0,0
BRDA:35,3,1,22
BRDA:36,4,0,0
BRDA:36,4,1,22
BRF:10
BRH:6
end_of_record
TN:
SF:src/envconstants.js
FNF:0
FNH:0
DA:1,4
LF:1
LH:1
BRF:0
BRH:0
end_of_record
TN:
SF:src/Components/Loader.jsx
FN:4,(anonymous_0)
FN:10,(anonymous_1)
FNF:2
FNH:2
FNDA:4,(anonymous_0)
FNDA:4,(anonymous_1)
DA:4,1
DA:5,4
DA:10,4
LF:3
LH:3
BRF:0
BRH:0
end_of_record
TN:
SF:src/Components/AlertBox/AlertBox.jsx
FN:4,(anonymous_0)
FNF:1
FNH:1
FNDA:4,(anonymous_0)
DA:4,1
DA:5,4
DA:6,4
LF:3
LH:3
BRDA:8,0,0,1
BRDA:8,0,1,3
BRF:2
BRH:2
end_of_record
TN:
SF:src/Components/DataTable/DataTable.jsx
FN:6,(anonymous_0)
FN:16,(anonymous_1)
FN:26,(anonymous_2)
FN:39,(anonymous_3)
FNF:4
FNH:4
FNDA:48,(anonymous_0)
FNDA:10,(anonymous_1)
FNDA:6,(anonymous_2)
FNDA:10,(anonymous_3)
DA:6,48
DA:16,10
DA:26,1
DA:27,6
DA:28,6
DA:40,10
LF:6
LH:6
BRDA:44,0,0,5
BRDA:44,0,1,5
BRDA:44,1,0,10
BRDA:44,1,1,5
BRF:4
BRH:4
end_of_record
TN:
SF:src/Components/Header/Header.jsx
FN:14,(anonymous_0)
FN:18,(anonymous_1)
FNF:2
FNH:2
FNDA:5,(anonymous_0)
FNDA:1,(anonymous_1)
DA:14,1
DA:15,5
DA:16,5
DA:18,5
DA:19,1
DA:20,1
DA:23,5
LF:7
LH:7
BRF:0
BRH:0
end_of_record
TN:
SF:src/Components/LeftMenu/LeftMenu.jsx
FN:10,(anonymous_0)
FNF:1
FNH:1
FNDA:4,(anonymous_0)
DA:10,1
DA:11,4
DA:13,4
LF:3
LH:3
BRDA:15,0,0,3
BRDA:15,0,1,1
BRDA:18,1,0,3
BRDA:18,1,1,1
BRDA:28,2,0,1
BRDA:28,2,1,3
BRDA:31,3,0,1
BRDA:31,3,1,3
BRDA:41,4,0,0
BRDA:41,4,1,4
BRDA:44,5,0,0
BRDA:44,5,1,4
BRDA:54,6,0,0
BRDA:54,6,1,4
BRDA:57,7,0,0
BRDA:57,7,1,4
BRF:16
BRH:12
end_of_record
TN:
SF:src/Components/Modal/Modal.jsx
FN:6,Modal
FN:11,(anonymous_1)
FNF:2
FNH:1
FNDA:3,Modal
FNDA:0,(anonymous_1)
DA:7,3
DA:11,3
DA:12,0
DA:13,0
DA:16,3
LF:5
LH:3
BRF:0
BRH:0
end_of_record
TN:
SF:src/Pages/Deposit/Deposit.jsx
FN:16,(anonymous_0)
FN:22,(anonymous_1)
FN:25,(anonymous_2)
FN:28,(anonymous_3)
FN:31,(anonymous_4)
FN:36,(anonymous_5)
FN:43,(anonymous_6)
FN:56,(anonymous_7)
FN:57,(anonymous_8)
FN:114,(anonymous_9)
FNF:10
FNH:9
FNDA:16,(anonymous_0)
FNDA:5,(anonymous_1)
FNDA:5,(anonymous_2)
FNDA:0,(anonymous_3)
FNDA:5,(anonymous_4)
FNDA:3,(anonymous_5)
FNDA:3,(anonymous_6)
FNDA:1,(anonymous_7)
FNDA:1,(anonymous_8)
FNDA:3,(anonymous_9)
DA:16,1
DA:17,16
DA:18,16
DA:19,16
DA:20,16
DA:22,16
DA:23,5
DA:26,5
DA:28,0
DA:31,16
DA:32,5
DA:33,5
DA:36,16
DA:37,3
DA:38,3
DA:39,3
DA:40,3
DA:43,16
DA:44,3
DA:45,2
DA:46,2
DA:52,2
DA:53,2
DA:54,2
DA:56,1
DA:57,1
DA:60,1
DA:62,3
DA:65,16
DA:114,3
LF:30
LH:29
BRDA:44,0,0,2
BRDA:44,0,1,1
BRDA:93,1,0,16
BRDA:93,1,1,2
BRDA:94,2,0,16
BRDA:94,2,1,14
BRDA:94,2,2,1
BRF:7
BRH:7
end_of_record
TN:
SF:src/Pages/Estatement/Estatement.jsx
FN:15,(anonymous_0)
FN:19,(anonymous_1)
FN:23,(anonymous_2)
FN:26,(anonymous_3)
FN:27,(anonymous_4)
FN:30,(anonymous_5)
FNF:6
FNH:6
FNDA:10,(anonymous_0)
FNDA:4,(anonymous_1)
FNDA:2,(anonymous_2)
FNDA:1,(anonymous_3)
FNDA:3,(anonymous_4)
FNDA:4,(anonymous_5)
DA:15,1
DA:16,10
DA:17,10
DA:19,10
DA:20,4
DA:21,4
DA:24,2
DA:26,1
DA:27,3
DA:30,10
DA:31,4
DA:32,4
DA:37,10
LF:13
LH:13
BRDA:67,0,0,4
BRDA:67,0,1,6
BRDA:69,1,0,6
BRDA:69,1,1,2
BRF:4
BRH:4
end_of_record
TN:
SF:src/Pages/Login/Login.jsx
FN:8,(anonymous_0)
FN:15,(anonymous_1)
FN:20,(anonymous_2)
FN:31,(anonymous_3)
FN:58,(anonymous_4)
FN:66,(anonymous_5)
FNF:6
FNH:6
FNDA:12,(anonymous_0)
FNDA:2,(anonymous_1)
FNDA:1,(anonymous_2)
FNDA:1,(anonymous_3)
FNDA:3,(anonymous_4)
FNDA:3,(anonymous_5)
DA:8,1
DA:9,12
DA:10,12
DA:11,12
DA:13,12
DA:15,12
DA:16,2
DA:17,2
DA:19,2
DA:20,1
DA:23,2
DA:24,1
DA:25,1
DA:27,1
DA:31,12
DA:32,1
DA:35,12
DA:58,3
DA:66,3
LF:19
LH:19
BRDA:20,0,0,1
BRDA:20,0,1,1
BRDA:23,1,0,1
BRDA:23,1,1,1
BRDA:87,2,0,12
BRDA:87,2,1,1
BRF:6
BRH:6
end_of_record
TN:
SF:src/Pages/Logout/Logout.jsx
FN:7,(anonymous_0)
FN:11,(anonymous_1)
FN:12,(anonymous_2)
FN:18,(anonymous_3)
FNF:4
FNH:4
FNDA:3,(anonymous_0)
FNDA:3,(anonymous_1)
FNDA:1,(anonymous_2)
FNDA:1,(anonymous_3)
DA:7,1
DA:9,3
DA:11,3
DA:12,3
DA:13,1
DA:18,3
DA:19,1
DA:22,3
LF:8
LH:8
BRF:0
BRH:0
end_of_record
TN:
SF:src/Pages/Signup/Signup.jsx
FN:9,(anonymous_0)
FN:19,(anonymous_1)
FN:25,(anonymous_2)
FN:48,(anonymous_3)
FN:53,(anonymous_4)
FN:59,(anonymous_5)
FN:89,(anonymous_6)
FN:97,(anonymous_7)
FN:105,(anonymous_8)
FNF:9
FNH:8
FNDA:21,(anonymous_0)
FNDA:2,(anonymous_1)
FNDA:4,(anonymous_2)
FNDA:2,(anonymous_3)
FNDA:0,(anonymous_4)
FNDA:2,(anonymous_5)
FNDA:4,(anonymous_6)
FNDA:4,(anonymous_7)
FNDA:4,(anonymous_8)
DA:9,1
DA:10,21
DA:11,21
DA:12,21
DA:13,21
DA:14,21
DA:16,21
DA:17,21
DA:19,21
DA:20,2
DA:21,2
DA:25,21
DA:26,4
DA:27,1
DA:28,1
DA:31,3
DA:32,1
DA:33,1
DA:36,2
DA:38,2
DA:46,2
DA:49,2
DA:54,0
DA:55,0
DA:58,2
DA:59,2
DA:60,2
DA:64,21
DA:89,4
DA:97,4
DA:105,4
LF:31
LH:29
BRDA:26,0,0,1
BRDA:26,0,1,3
BRDA:26,1,0,4
BRDA:26,1,1,3
BRDA:26,1,2,3
BRDA:31,2,0,1
BRDA:31,2,1,2
BRDA:121,3,0,21
BRDA:121,3,1,2
BRDA:126,4,0,21
BRDA:126,4,1,1
BRF:11
BRH:11
end_of_record
TN:
SF:src/Pages/Withdraw/Withdraw.jsx
FN:16,(anonymous_0)
FN:22,(anonymous_1)
FN:25,(anonymous_2)
FN:28,(anonymous_3)
FN:31,(anonymous_4)
FN:36,(anonymous_5)
FN:43,(anonymous_6)
FN:56,(anonymous_7)
FN:57,(anonymous_8)
FN:114,(anonymous_9)
FNF:10
FNH:9
FNDA:16,(anonymous_0)
FNDA:5,(anonymous_1)
FNDA:5,(anonymous_2)
FNDA:0,(anonymous_3)
FNDA:5,(anonymous_4)
FNDA:3,(anonymous_5)
FNDA:3,(anonymous_6)
FNDA:1,(anonymous_7)
FNDA:1,(anonymous_8)
FNDA:3,(anonymous_9)
DA:16,1
DA:17,16
DA:18,16
DA:19,16
DA:20,16
DA:22,16
DA:23,5
DA:26,5
DA:28,0
DA:31,16
DA:32,5
DA:33,5
DA:36,16
DA:37,3
DA:38,3
DA:39,3
DA:40,3
DA:43,16
DA:44,3
DA:45,2
DA:46,2
DA:52,2
DA:53,2
DA:54,2
DA:56,1
DA:57,1
DA:60,1
DA:62,3
DA:65,16
DA:114,3
LF:30
LH:29
BRDA:44,0,0,2
BRDA:44,0,1,1
BRDA:93,1,0,16
BRDA:93,1,1,2
BRDA:94,2,0,16
BRDA:94,2,1,14
BRDA:94,2,2,1
BRF:7
BRH:7
end_of_record
TN:
SF:src/utils/constants.js
FNF:0
FNH:0
DA:3,2
LF:1
LH:1
BRF:0
BRH:0
end_of_record
